<?xml version="1.0" encoding="utf-8"?><testsuites name="pytest tests"><testsuite name="pytest" errors="0" failures="0" skipped="0" tests="78" time="1.069" timestamp="2026-09-24T18:24:56.119662-07:00" hostname="MacBook-Pro.local"><testcase classname="tests.backend.integration.test_pipeline" name="test_audio_pipeline_sequences_stages_and_creates_one_song" time="0.171" /><testcase classname="tests.backend.integration.test_pipeline" name="test_text_job_completes_without_creating_song" time="0.109" /><testcase classname="tests.backend.integration.test_pipeline" name="test_failure_stops_pipeline_and_retry_creates_new_job" time="0.083" /><testcase classname="tests.backend.integration.test_pipeline" name="test_failed_audio_stage_does_not_enqueue_next_stage" time="0.058" /><testcase classname="tests.backend.integration.test_pipeline" name="test_fingerprint_cache_skips_remaining_stages" time="0.067" /><testcase classname="tests.backend.integration.test_pipeline" name="test_concurrent_quota_cannot_exceed_daily_limit" time="0.147" /><testcase classname="tests.backend.integration.test_pipeline" name="test_private_job_and_shared_queue_redaction" time="0.060" /><testcase classname="tests.backend.integration.test_pipeline" name="test_redis_consumer_group_delivery_reclaim_and_ack" time="0.005" /><testcase classname="tests.backend.test_api" name="test_invalid_submission_does_not_consume_quota[data0-Choose a valid analysis mode and service]" time="0.003" /><testcase classname="tests.backend.test_api" name="test_invalid_submission_does_not_consume_quota[data1-Choose a valid analysis mode and service]" time="0.002" /><testcase classname="tests.backend.test_api" name="test_invalid_submission_does_not_consume_quota[data2-An audio file is required]" time="0.002" /><testcase classname="tests.backend.test_api" name="test_invalid_submission_does_not_consume_quota[data3-An audio file is required]" time="0.002" /><testcase classname="tests.backend.test_api" name="test_invalid_submission_does_not_consume_quota[data4-Text is required]" time="0.002" /><testcase classname="tests.backend.test_api" name="test_missing_form_fields_use_fastapi_validation" time="0.002" /><testcase classname="tests.backend.test_api" name="test_unauthenticated_request_is_rejected" time="0.002" /><testcase classname="tests.backend.test_api" name="test_quota_exhaustion_returns_retry_headers" time="0.003" /><testcase classname="tests.backend.test_api" name="test_valid_submission_creates_job_and_enqueues_first_stage[False]" time="0.002" /><testcase classname="tests.backend.test_api" name="test_valid_submission_creates_job_and_enqueues_first_stage[True]" time="0.003" /><testcase classname="tests.backend.test_api" name="test_other_users_job_is_not_exposed" time="0.002" /><testcase classname="tests.backend.test_api" name="test_health_checks_redis_and_consumer[False-False]" time="0.002" /><testcase classname="tests.backend.test_api" name="test_health_checks_redis_and_consumer[True-False]" time="0.002" /><testcase classname="tests.backend.test_api" name="test_health_checks_redis_and_consumer[False-True]" time="0.002" /><testcase classname="tests.backend.test_auth" name="test_signed_identity_maps_to_local_user" time="0.001" /><testcase classname="tests.backend.test_auth" name="test_missing_or_malformed_identity_is_rejected[None]" time="0.001" /><testcase classname="tests.backend.test_auth" name="test_missing_or_malformed_identity_is_rejected[]" time="0.001" /><testcase classname="tests.backend.test_auth" name="test_missing_or_malformed_identity_is_rejected[bad]" time="0.000" /><testcase classname="tests.backend.test_auth" name="test_missing_or_malformed_identity_is_rejected[a.b.c]" time="0.001" /><testcase classname="tests.backend.test_auth" name="test_missing_or_malformed_identity_is_rejected[bad.signature]" time="0.001" /><testcase classname="tests.backend.test_auth" name="test_invalid_claims_never_touch_database[changes0]" time="0.001" /><testcase classname="tests.backend.test_auth" name="test_invalid_claims_never_touch_database[changes1]" time="0.001" /><testcase classname="tests.backend.test_auth" name="test_invalid_claims_never_touch_database[changes2]" time="0.001" /><testcase classname="tests.backend.test_auth" name="test_invalid_claims_never_touch_database[changes3]" time="0.001" /><testcase classname="tests.backend.test_auth" name="test_invalid_claims_never_touch_database[changes4]" time="0.001" /><testcase classname="tests.backend.test_auth" name="test_invalid_claims_never_touch_database[changes5]" time="0.001" /><testcase classname="tests.backend.test_auth" name="test_invalid_claims_never_touch_database[changes6]" time="0.001" /><testcase classname="tests.backend.test_auth" name="test_wrong_signing_key_is_rejected" time="0.001" /><testcase classname="tests.backend.test_auth" name="test_unconfigured_auth_fails_closed" time="0.001" /><testcase classname="tests.backend.test_classifier" name="test_model_output_parsing[{&quot;label&quot;:&quot;Human&quot;}-expected0]" time="0.000" /><testcase classname="tests.backend.test_classifier" name="test_model_output_parsing[```json\n{&quot;label&quot;:&quot;Human&quot;}\n```-expected1]" time="0.000" /><testcase classname="tests.backend.test_classifier" name="test_model_output_parsing[Here is the result: {&quot;ai_probability&quot;:0.8}-expected2]" time="0.000" /><testcase classname="tests.backend.test_classifier" name="test_model_output_parsing[not JSON-expected3]" time="0.000" /><testcase classname="tests.backend.test_classifier" name="test_classification_and_confidence[judge0-expected0]" time="0.000" /><testcase classname="tests.backend.test_classifier" name="test_classification_and_confidence[judge1-expected1]" time="0.000" /><testcase classname="tests.backend.test_classifier" name="test_classification_and_confidence[judge2-expected2]" time="0.000" /><testcase classname="tests.backend.test_classifier" name="test_classification_and_confidence[judge3-expected3]" time="0.000" /><testcase classname="tests.backend.test_classifier" name="test_classification_and_confidence[judge4-expected4]" time="0.000" /><testcase classname="tests.backend.test_classifier" name="test_classification_and_confidence[judge5-expected5]" time="0.000" /><testcase classname="tests.backend.test_classifier" name="test_ollama_request_and_response_contract" time="0.001" /><testcase classname="tests.backend.test_classifier" name="test_model_http_error_becomes_bad_gateway" time="0.001" /><testcase classname="tests.backend.test_storage_queue" name="test_task_uses_current_stage_and_carries_only_input_references" time="0.001" /><testcase classname="tests.backend.test_storage_queue" name="test_task_rejects_unknown_stage" time="0.000" /><testcase classname="tests.backend.test_storage_queue" name="test_consumer_group_creation_is_idempotent_but_does_not_hide_other_errors" time="0.001" /><testcase classname="tests.backend.test_storage_queue" name="test_upload_keeps_raw_key_contract" time="0.000" /><testcase classname="tests.backend.test_storage_queue" name="test_stream_releases_storage_connection_on_early_close" time="0.000" /><testcase classname="tests.backend.test_workers" name="test_worker_rejects_wrong_stage[worker0]" time="0.038" /><testcase classname="tests.backend.test_workers" name="test_worker_rejects_wrong_stage[worker1]" time="0.013" /><testcase classname="tests.backend.test_workers" name="test_worker_rejects_wrong_stage[worker2]" time="0.001" /><testcase classname="tests.backend.test_workers" name="test_worker_rejects_wrong_stage[worker3]" time="0.001" /><testcase classname="tests.backend.test_workers" name="test_worker_rejects_missing_input[worker0]" time="0.007" /><testcase classname="tests.backend.test_workers" name="test_worker_rejects_missing_input[worker1]" time="0.001" /><testcase classname="tests.backend.test_workers" name="test_worker_rejects_missing_input[worker2]" time="0.001" /><testcase classname="tests.backend.test_workers" name="test_worker_rejects_missing_input[worker3]" time="0.001" /><testcase classname="tests.backend.test_workers" name="test_worker_publishes_result_before_acknowledging[worker0-False]" time="0.009" /><testcase classname="tests.backend.test_workers" name="test_worker_publishes_result_before_acknowledging[worker0-True]" time="0.009" /><testcase classname="tests.backend.test_workers" name="test_worker_publishes_result_before_acknowledging[worker1-False]" time="0.002" /><testcase classname="tests.backend.test_workers" name="test_worker_publishes_result_before_acknowledging[worker1-True]" time="0.002" /><testcase classname="tests.backend.test_workers" name="test_worker_publishes_result_before_acknowledging[worker2-False]" time="0.002" /><testcase classname="tests.backend.test_workers" name="test_worker_publishes_result_before_acknowledging[worker2-True]" time="0.002" /><testcase classname="tests.backend.test_workers" name="test_worker_publishes_result_before_acknowledging[worker3-False]" time="0.002" /><testcase classname="tests.backend.test_workers" name="test_worker_publishes_result_before_acknowledging[worker3-True]" time="0.002" /><testcase classname="tests.backend.test_workers" name="test_worker_health_detects_stopped_consumer[worker0-False]" time="0.008" /><testcase classname="tests.backend.test_workers" name="test_worker_health_detects_stopped_consumer[worker0-True]" time="0.008" /><testcase classname="tests.backend.test_workers" name="test_worker_health_detects_stopped_consumer[worker1-False]" time="0.002" /><testcase classname="tests.backend.test_workers" name="test_worker_health_detects_stopped_consumer[worker1-True]" time="0.001" /><testcase classname="tests.backend.test_workers" name="test_worker_health_detects_stopped_consumer[worker2-False]" time="0.002" /><testcase classname="tests.backend.test_workers" name="test_worker_health_detects_stopped_consumer[worker2-True]" time="0.003" /><testcase classname="tests.backend.test_workers" name="test_worker_health_detects_stopped_consumer[worker3-False]" time="0.002" /><testcase classname="tests.backend.test_workers" name="test_worker_health_detects_stopped_consumer[worker3-True]" time="0.002" /></testsuite></testsuites>